2025-08-05 12:07:06,203 - DataInserter - INFO - Data inserter process started.
2025-08-05 12:07:06,350 - DataInserter - INFO - Successfully connected to the database.
2025-08-05 12:07:06,351 - DataInserter - INFO - PM mode for EQP-003 changed from 1 to 0
2025-08-05 12:07:06,352 - DataInserter - INFO - PM mode for EQP-010 changed from 1 to 0
2025-08-05 12:07:06,352 - DataInserter - INFO - PM mode for EQP-021 changed from 1 to 0
2025-08-05 12:07:06,352 - DataInserter - INFO - PM mode for EQP-026 changed from 1 to 0
2025-08-05 12:07:06,352 - DataInserter - INFO - PM mode for EQP-037 changed from 1 to 0
2025-08-05 12:07:06,352 - DataInserter - INFO - PM mode for EQP-045 changed from 1 to 0
2025-08-05 12:07:06,352 - DataInserter - INFO - PM mode for EQP-048 changed from 1 to 0
2025-08-05 12:07:06,352 - DataInserter - INFO - PM mode for EQP-050 changed from 1 to 0
2025-08-05 12:07:06,352 - DataInserter - INFO - PM mode for EQP-060 changed from 1 to 0
2025-08-05 12:07:06,352 - DataInserter - INFO - PM mode for EQP-075 changed from 1 to 0
2025-08-05 12:07:06,352 - DataInserter - INFO - PM mode for EQP-079 changed from 1 to 0
2025-08-05 12:07:06,352 - DataInserter - INFO - PM mode for EQP-081 changed from 1 to 0
2025-08-05 12:07:06,352 - DataInserter - INFO - PM mode for EQP-086 changed from 1 to 0
2025-08-05 12:07:06,355 - DataInserter - ERROR - Failed to insert data: 1054 (42S22): Unknown column 'val' in 'field list'
2025-08-05 12:07:06,355 - DataInserter - INFO - Waiting for 300 seconds for the next cycle.
2025-08-05 12:10:30,223 - DataInserter - INFO - Process stopped by user.
2025-08-05 12:10:30,227 - DataInserter - INFO - Database connection closed.
2025-08-05 12:12:35,277 - DataInserter - INFO - Data inserter process started.
2025-08-05 12:12:35,400 - DataInserter - INFO - Successfully connected to the database.
2025-08-05 12:12:35,401 - DataInserter - INFO - PM mode for EQP-002 changed from 1 to 0
2025-08-05 12:12:35,401 - DataInserter - INFO - PM mode for EQP-007 changed from 1 to 0
2025-08-05 12:12:35,401 - DataInserter - INFO - PM mode for EQP-031 changed from 1 to 0
2025-08-05 12:12:35,402 - DataInserter - INFO - PM mode for EQP-037 changed from 1 to 0
2025-08-05 12:12:35,402 - DataInserter - INFO - PM mode for EQP-039 changed from 1 to 0
2025-08-05 12:12:35,402 - DataInserter - INFO - PM mode for EQP-043 changed from 1 to 0
2025-08-05 12:12:35,402 - DataInserter - INFO - PM mode for EQP-044 changed from 1 to 0
2025-08-05 12:12:35,402 - DataInserter - INFO - PM mode for EQP-045 changed from 1 to 0
2025-08-05 12:12:35,402 - DataInserter - INFO - PM mode for EQP-053 changed from 1 to 0
2025-08-05 12:12:35,402 - DataInserter - INFO - PM mode for EQP-060 changed from 1 to 0
2025-08-05 12:12:35,402 - DataInserter - INFO - PM mode for EQP-063 changed from 1 to 0
2025-08-05 12:12:35,402 - DataInserter - INFO - PM mode for EQP-065 changed from 1 to 0
2025-08-05 12:12:35,402 - DataInserter - INFO - PM mode for EQP-066 changed from 1 to 0
2025-08-05 12:12:35,402 - DataInserter - INFO - PM mode for EQP-069 changed from 1 to 0
2025-08-05 12:12:35,402 - DataInserter - INFO - PM mode for EQP-071 changed from 1 to 0
2025-08-05 12:12:35,402 - DataInserter - INFO - PM mode for EQP-077 changed from 1 to 0
2025-08-05 12:12:35,402 - DataInserter - INFO - PM mode for EQP-080 changed from 1 to 0
2025-08-05 12:12:35,402 - DataInserter - INFO - PM mode for EQP-087 changed from 1 to 0
2025-08-05 12:12:35,402 - DataInserter - INFO - PM mode for EQP-088 changed from 1 to 0
2025-08-05 12:12:35,402 - DataInserter - INFO - PM mode for EQP-091 changed from 1 to 0
2025-08-05 12:12:35,424 - DataInserter - INFO - Successfully inserted 100 records.
2025-08-05 12:12:35,424 - DataInserter - INFO - Waiting for 300 seconds for the next cycle.
2025-08-05 12:16:52,060 - DataInserter - INFO - Process stopped by user.
2025-08-05 12:16:52,062 - DataInserter - INFO - Database connection closed.
2025-08-05 12:17:50,684 - DataInserter - INFO - Data inserter process started.
2025-08-05 12:17:50,821 - DataInserter - INFO - Successfully connected to the database.
2025-08-05 12:17:50,824 - DataInserter - INFO - PM mode for EQP-005 changed from 1 to 0
2025-08-05 12:17:50,824 - DataInserter - INFO - PM mode for EQP-008 changed from 1 to 0
2025-08-05 12:17:50,824 - DataInserter - INFO - PM mode for EQP-009 changed from 1 to 0
2025-08-05 12:17:50,824 - DataInserter - INFO - PM mode for EQP-010 changed from 1 to 0
2025-08-05 12:17:50,824 - DataInserter - INFO - PM mode for EQP-014 changed from 1 to 0
2025-08-05 12:17:50,824 - DataInserter - INFO - PM mode for EQP-024 changed from 1 to 0
2025-08-05 12:17:50,824 - DataInserter - INFO - PM mode for EQP-032 changed from 1 to 0
2025-08-05 12:17:50,824 - DataInserter - INFO - PM mode for EQP-041 changed from 1 to 0
2025-08-05 12:17:50,824 - DataInserter - INFO - PM mode for EQP-045 changed from 1 to 0
2025-08-05 12:17:50,824 - DataInserter - INFO - PM mode for EQP-047 changed from 1 to 0
2025-08-05 12:17:50,824 - DataInserter - INFO - PM mode for EQP-059 changed from 1 to 0
2025-08-05 12:17:50,824 - DataInserter - INFO - PM mode for EQP-060 changed from 1 to 0
2025-08-05 12:17:50,824 - DataInserter - INFO - PM mode for EQP-061 changed from 1 to 0
2025-08-05 12:17:50,824 - DataInserter - INFO - PM mode for EQP-070 changed from 1 to 0
2025-08-05 12:17:50,824 - DataInserter - INFO - PM mode for EQP-071 changed from 1 to 0
2025-08-05 12:17:50,824 - DataInserter - INFO - PM mode for EQP-074 changed from 1 to 0
2025-08-05 12:17:50,824 - DataInserter - INFO - PM mode for EQP-076 changed from 1 to 0
2025-08-05 12:17:50,824 - DataInserter - INFO - PM mode for EQP-081 changed from 1 to 0
2025-08-05 12:17:50,825 - DataInserter - INFO - PM mode for EQP-086 changed from 1 to 0
2025-08-05 12:17:50,849 - DataInserter - INFO - Successfully inserted 100 records.
2025-08-05 12:17:50,849 - DataInserter - INFO - Waiting for 300 seconds for the next cycle.
2025-08-05 12:19:24,511 - DataInserter - INFO - Process stopped by user.
2025-08-05 12:19:24,513 - DataInserter - INFO - Database connection closed.
2025-08-05 12:19:46,620 - DataInserter - INFO - Data inserter process started.
2025-08-05 12:19:46,746 - DataInserter - INFO - Successfully connected to the database.
2025-08-05 12:19:46,748 - DataInserter - INFO - PM mode for EQP-002 changed from 1 to 0
2025-08-05 12:19:46,748 - DataInserter - INFO - PM mode for EQP-007 changed from 1 to 0
2025-08-05 12:19:46,748 - DataInserter - INFO - PM mode for EQP-009 changed from 1 to 0
2025-08-05 12:19:46,748 - DataInserter - INFO - PM mode for EQP-012 changed from 1 to 0
2025-08-05 12:19:46,748 - DataInserter - INFO - PM mode for EQP-013 changed from 1 to 0
2025-08-05 12:19:46,748 - DataInserter - INFO - PM mode for EQP-019 changed from 1 to 0
2025-08-05 12:19:46,748 - DataInserter - INFO - PM mode for EQP-021 changed from 1 to 0
2025-08-05 12:19:46,748 - DataInserter - INFO - PM mode for EQP-038 changed from 1 to 0
2025-08-05 12:19:46,748 - DataInserter - INFO - PM mode for EQP-049 changed from 1 to 0
2025-08-05 12:19:46,748 - DataInserter - INFO - PM mode for EQP-053 changed from 1 to 0
2025-08-05 12:19:46,748 - DataInserter - INFO - PM mode for EQP-066 changed from 1 to 0
2025-08-05 12:19:46,748 - DataInserter - INFO - PM mode for EQP-074 changed from 1 to 0
2025-08-05 12:19:46,748 - DataInserter - INFO - PM mode for EQP-079 changed from 1 to 0
2025-08-05 12:19:46,748 - DataInserter - INFO - PM mode for EQP-080 changed from 1 to 0
2025-08-05 12:19:46,748 - DataInserter - INFO - PM mode for EQP-084 changed from 1 to 0
2025-08-05 12:19:46,748 - DataInserter - INFO - PM mode for EQP-087 changed from 1 to 0
2025-08-05 12:19:46,748 - DataInserter - INFO - PM mode for EQP-088 changed from 1 to 0
2025-08-05 12:19:46,748 - DataInserter - INFO - PM mode for EQP-089 changed from 1 to 0
2025-08-05 12:19:46,748 - DataInserter - INFO - PM mode for EQP-092 changed from 1 to 0
2025-08-05 12:19:46,769 - DataInserter - INFO - Successfully inserted 100 records.
2025-08-05 12:19:46,769 - DataInserter - INFO - Waiting for 300 seconds for the next cycle.
2025-08-05 12:24:46,773 - DataInserter - INFO - PM mode for EQP-002 changed from 0 to 1
2025-08-05 12:24:46,773 - DataInserter - INFO - PM mode for EQP-005 changed from 1 to 0
2025-08-05 12:24:46,773 - DataInserter - INFO - PM mode for EQP-010 changed from 1 to 0
2025-08-05 12:24:46,773 - DataInserter - INFO - PM mode for EQP-014 changed from 1 to 0
2025-08-05 12:24:46,773 - DataInserter - INFO - PM mode for EQP-016 changed from 1 to 0
2025-08-05 12:24:46,774 - DataInserter - INFO - PM mode for EQP-019 changed from 0 to 1
2025-08-05 12:24:46,774 - DataInserter - INFO - PM mode for EQP-020 changed from 1 to 0
2025-08-05 12:24:46,774 - DataInserter - INFO - PM mode for EQP-026 changed from 1 to 0
2025-08-05 12:24:46,774 - DataInserter - INFO - PM mode for EQP-027 changed from 1 to 0
2025-08-05 12:24:46,774 - DataInserter - INFO - PM mode for EQP-041 changed from 1 to 0
2025-08-05 12:24:46,774 - DataInserter - INFO - PM mode for EQP-049 changed from 0 to 1
2025-08-05 12:24:46,774 - DataInserter - INFO - PM mode for EQP-051 changed from 1 to 0
2025-08-05 12:24:46,774 - DataInserter - INFO - PM mode for EQP-055 changed from 1 to 0
2025-08-05 12:24:46,774 - DataInserter - INFO - PM mode for EQP-056 changed from 1 to 0
2025-08-05 12:24:46,774 - DataInserter - INFO - PM mode for EQP-059 changed from 1 to 0
2025-08-05 12:24:46,774 - DataInserter - INFO - PM mode for EQP-066 changed from 0 to 1
2025-08-05 12:24:46,774 - DataInserter - INFO - PM mode for EQP-067 changed from 1 to 0
2025-08-05 12:24:46,774 - DataInserter - INFO - PM mode for EQP-070 changed from 1 to 0
2025-08-05 12:24:46,774 - DataInserter - INFO - PM mode for EQP-074 changed from 0 to 1
2025-08-05 12:24:46,774 - DataInserter - INFO - PM mode for EQP-077 changed from 1 to 0
2025-08-05 12:24:46,774 - DataInserter - INFO - PM mode for EQP-078 changed from 1 to 0
2025-08-05 12:24:46,774 - DataInserter - INFO - PM mode for EQP-079 changed from 0 to 1
2025-08-05 12:24:46,774 - DataInserter - INFO - PM mode for EQP-092 changed from 0 to 1
2025-08-05 12:24:46,774 - DataInserter - INFO - PM mode for EQP-095 changed from 1 to 0
2025-08-05 12:24:46,774 - DataInserter - INFO - PM mode for EQP-096 changed from 1 to 0
2025-08-05 12:24:46,774 - DataInserter - INFO - PM mode for EQP-100 changed from 1 to 0
2025-08-05 12:24:46,801 - DataInserter - INFO - Successfully inserted 100 records.
2025-08-05 12:24:46,801 - DataInserter - INFO - Waiting for 300 seconds for the next cycle.
2025-08-05 12:29:46,803 - DataInserter - INFO - PM mode for EQP-001 changed from 1 to 0
2025-08-05 12:29:46,803 - DataInserter - INFO - PM mode for EQP-004 changed from 1 to 0
2025-08-05 12:29:46,803 - DataInserter - INFO - PM mode for EQP-008 changed from 1 to 0
2025-08-05 12:29:46,803 - DataInserter - INFO - PM mode for EQP-013 changed from 0 to 1
2025-08-05 12:29:46,803 - DataInserter - INFO - PM mode for EQP-029 changed from 1 to 0
2025-08-05 12:29:46,803 - DataInserter - INFO - PM mode for EQP-030 changed from 1 to 0
2025-08-05 12:29:46,804 - DataInserter - INFO - PM mode for EQP-033 changed from 1 to 0
2025-08-05 12:29:46,804 - DataInserter - INFO - PM mode for EQP-040 changed from 1 to 0
2025-08-05 12:29:46,804 - DataInserter - INFO - PM mode for EQP-044 changed from 1 to 0
2025-08-05 12:29:46,804 - DataInserter - INFO - PM mode for EQP-050 changed from 1 to 0
2025-08-05 12:29:46,804 - DataInserter - INFO - PM mode for EQP-055 changed from 0 to 1
2025-08-05 12:29:46,804 - DataInserter - INFO - PM mode for EQP-056 changed from 0 to 1
2025-08-05 12:29:46,804 - DataInserter - INFO - PM mode for EQP-064 changed from 1 to 0
2025-08-05 12:29:46,804 - DataInserter - INFO - PM mode for EQP-075 changed from 1 to 0
2025-08-05 12:29:46,804 - DataInserter - INFO - PM mode for EQP-077 changed from 0 to 1
2025-08-05 12:29:46,804 - DataInserter - INFO - PM mode for EQP-081 changed from 1 to 0
2025-08-05 12:29:46,804 - DataInserter - INFO - PM mode for EQP-085 changed from 1 to 0
2025-08-05 12:29:46,804 - DataInserter - INFO - PM mode for EQP-096 changed from 0 to 1
2025-08-05 12:29:46,804 - DataInserter - INFO - PM mode for EQP-097 changed from 1 to 0
2025-08-05 12:29:46,804 - DataInserter - INFO - PM mode for EQP-100 changed from 0 to 1
2025-08-05 12:29:46,826 - DataInserter - INFO - Successfully inserted 100 records.
2025-08-05 12:29:46,826 - DataInserter - INFO - Waiting for 300 seconds for the next cycle.
2025-08-05 12:34:46,829 - DataInserter - INFO - PM mode for EQP-004 changed from 0 to 1
2025-08-05 12:34:46,830 - DataInserter - INFO - PM mode for EQP-007 changed from 0 to 1
2025-08-05 12:34:46,830 - DataInserter - INFO - PM mode for EQP-013 changed from 1 to 0
2025-08-05 12:34:46,830 - DataInserter - INFO - PM mode for EQP-015 changed from 1 to 0
2025-08-05 12:34:46,830 - DataInserter - INFO - PM mode for EQP-023 changed from 1 to 0
2025-08-05 12:34:46,830 - DataInserter - INFO - PM mode for EQP-039 changed from 1 to 0
2025-08-05 12:34:46,830 - DataInserter - INFO - PM mode for EQP-044 changed from 0 to 1
2025-08-05 12:34:46,830 - DataInserter - INFO - PM mode for EQP-049 changed from 1 to 0
2025-08-05 12:34:46,830 - DataInserter - INFO - PM mode for EQP-055 changed from 1 to 0
2025-08-05 12:34:46,830 - DataInserter - INFO - PM mode for EQP-057 changed from 1 to 0
2025-08-05 12:34:46,830 - DataInserter - INFO - PM mode for EQP-059 changed from 0 to 1
2025-08-05 12:34:46,830 - DataInserter - INFO - PM mode for EQP-060 changed from 1 to 0
2025-08-05 12:34:46,830 - DataInserter - INFO - PM mode for EQP-064 changed from 0 to 1
2025-08-05 12:34:46,830 - DataInserter - INFO - PM mode for EQP-081 changed from 0 to 1
2025-08-05 12:34:46,830 - DataInserter - INFO - PM mode for EQP-082 changed from 1 to 0
2025-08-05 12:34:46,830 - DataInserter - INFO - PM mode for EQP-090 changed from 1 to 0
2025-08-05 12:34:46,830 - DataInserter - INFO - PM mode for EQP-093 changed from 1 to 0
2025-08-05 12:34:46,830 - DataInserter - INFO - PM mode for EQP-094 changed from 1 to 0
2025-08-05 12:34:46,830 - DataInserter - INFO - PM mode for EQP-099 changed from 1 to 0
2025-08-05 12:34:46,868 - DataInserter - INFO - Successfully inserted 100 records.
2025-08-05 12:34:46,869 - DataInserter - INFO - Waiting for 300 seconds for the next cycle.
2025-08-05 12:39:46,872 - DataInserter - INFO - PM mode for EQP-003 changed from 1 to 0
2025-08-05 12:39:46,873 - DataInserter - INFO - PM mode for EQP-007 changed from 1 to 0
2025-08-05 12:39:46,873 - DataInserter - INFO - PM mode for EQP-011 changed from 1 to 0
2025-08-05 12:39:46,873 - DataInserter - INFO - PM mode for EQP-014 changed from 0 to 1
2025-08-05 12:39:46,873 - DataInserter - INFO - PM mode for EQP-015 changed from 0 to 1
2025-08-05 12:39:46,873 - DataInserter - INFO - PM mode for EQP-020 changed from 0 to 1
2025-08-05 12:39:46,874 - DataInserter - INFO - PM mode for EQP-023 changed from 0 to 1
2025-08-05 12:39:46,874 - DataInserter - INFO - PM mode for EQP-038 changed from 0 to 1
2025-08-05 12:39:46,874 - DataInserter - INFO - PM mode for EQP-040 changed from 0 to 1
2025-08-05 12:39:46,874 - DataInserter - INFO - PM mode for EQP-047 changed from 1 to 0
2025-08-05 12:39:46,874 - DataInserter - INFO - PM mode for EQP-052 changed from 1 to 0
2025-08-05 12:39:46,874 - DataInserter - INFO - PM mode for EQP-063 changed from 1 to 0
2025-08-05 12:39:46,874 - DataInserter - INFO - PM mode for EQP-079 changed from 1 to 0
2025-08-05 12:39:46,875 - DataInserter - INFO - PM mode for EQP-086 changed from 1 to 0
2025-08-05 12:39:46,875 - DataInserter - INFO - PM mode for EQP-089 changed from 0 to 1
2025-08-05 12:39:46,875 - DataInserter - INFO - PM mode for EQP-100 changed from 1 to 0
2025-08-05 12:39:46,901 - DataInserter - INFO - Successfully inserted 100 records.
2025-08-05 12:39:46,902 - DataInserter - INFO - Waiting for 300 seconds for the next cycle.
2025-08-05 12:44:46,905 - DataInserter - INFO - PM mode for EQP-003 changed from 0 to 1
2025-08-05 12:44:46,906 - DataInserter - INFO - PM mode for EQP-010 changed from 0 to 1
2025-08-05 12:44:46,906 - DataInserter - INFO - PM mode for EQP-014 changed from 1 to 0
2025-08-05 12:44:46,906 - DataInserter - INFO - PM mode for EQP-025 changed from 1 to 0
2025-08-05 12:44:46,906 - DataInserter - INFO - PM mode for EQP-030 changed from 0 to 1
2025-08-05 12:44:46,907 - DataInserter - INFO - PM mode for EQP-032 changed from 1 to 0
2025-08-05 12:44:46,907 - DataInserter - INFO - PM mode for EQP-039 changed from 0 to 1
2025-08-05 12:44:46,907 - DataInserter - INFO - PM mode for EQP-048 changed from 1 to 0
2025-08-05 12:44:46,907 - DataInserter - INFO - PM mode for EQP-054 changed from 1 to 0
2025-08-05 12:44:46,907 - DataInserter - INFO - PM mode for EQP-057 changed from 0 to 1
2025-08-05 12:44:46,907 - DataInserter - INFO - PM mode for EQP-059 changed from 1 to 0
2025-08-05 12:44:46,907 - DataInserter - INFO - PM mode for EQP-063 changed from 0 to 1
2025-08-05 12:44:46,907 - DataInserter - INFO - PM mode for EQP-084 changed from 0 to 1
2025-08-05 12:44:46,907 - DataInserter - INFO - PM mode for EQP-086 changed from 0 to 1
2025-08-05 12:44:46,907 - DataInserter - INFO - PM mode for EQP-089 changed from 1 to 0
2025-08-05 12:44:46,908 - DataInserter - INFO - PM mode for EQP-098 changed from 1 to 0
2025-08-05 12:44:46,908 - DataInserter - INFO - PM mode for EQP-100 changed from 0 to 1
2025-08-05 12:44:46,954 - DataInserter - INFO - Successfully inserted 100 records.
2025-08-05 12:44:46,954 - DataInserter - INFO - Waiting for 300 seconds for the next cycle.
2025-08-05 12:49:46,959 - DataInserter - INFO - PM mode for EQP-007 changed from 0 to 1
2025-08-05 12:49:46,959 - DataInserter - INFO - PM mode for EQP-008 changed from 0 to 1
2025-08-05 12:49:46,959 - DataInserter - INFO - PM mode for EQP-011 changed from 0 to 1
2025-08-05 12:49:46,959 - DataInserter - INFO - PM mode for EQP-012 changed from 0 to 1
2025-08-05 12:49:46,959 - DataInserter - INFO - PM mode for EQP-017 changed from 1 to 0
2025-08-05 12:49:46,959 - DataInserter - INFO - PM mode for EQP-025 changed from 0 to 1
2025-08-05 12:49:46,959 - DataInserter - INFO - PM mode for EQP-029 changed from 0 to 1
2025-08-05 12:49:46,959 - DataInserter - INFO - PM mode for EQP-030 changed from 1 to 0
2025-08-05 12:49:46,959 - DataInserter - INFO - PM mode for EQP-033 changed from 0 to 1
2025-08-05 12:49:46,959 - DataInserter - INFO - PM mode for EQP-036 changed from 1 to 0
2025-08-05 12:49:46,959 - DataInserter - INFO - PM mode for EQP-044 changed from 1 to 0
2025-08-05 12:49:46,959 - DataInserter - INFO - PM mode for EQP-047 changed from 0 to 1
2025-08-05 12:49:46,959 - DataInserter - INFO - PM mode for EQP-052 changed from 0 to 1
2025-08-05 12:49:46,959 - DataInserter - INFO - PM mode for EQP-066 changed from 1 to 0
2025-08-05 12:49:46,959 - DataInserter - INFO - PM mode for EQP-075 changed from 0 to 1
2025-08-05 12:49:46,959 - DataInserter - INFO - PM mode for EQP-079 changed from 0 to 1
2025-08-05 12:49:46,959 - DataInserter - INFO - PM mode for EQP-087 changed from 0 to 1
2025-08-05 12:49:46,959 - DataInserter - INFO - PM mode for EQP-098 changed from 0 to 1
2025-08-05 12:49:46,960 - DataInserter - INFO - PM mode for EQP-100 changed from 1 to 0
2025-08-05 12:49:47,028 - DataInserter - INFO - Successfully inserted 100 records.
2025-08-05 12:49:47,028 - DataInserter - INFO - Waiting for 300 seconds for the next cycle.
2025-08-05 12:54:47,031 - DataInserter - INFO - PM mode for EQP-001 changed from 0 to 1
2025-08-05 12:54:47,031 - DataInserter - INFO - PM mode for EQP-005 changed from 0 to 1
2025-08-05 12:54:47,031 - DataInserter - INFO - PM mode for EQP-007 changed from 1 to 0
2025-08-05 12:54:47,031 - DataInserter - INFO - PM mode for EQP-011 changed from 1 to 0
2025-08-05 12:54:47,031 - DataInserter - INFO - PM mode for EQP-014 changed from 0 to 1
2025-08-05 12:54:47,032 - DataInserter - INFO - PM mode for EQP-016 changed from 0 to 1
2025-08-05 12:54:47,032 - DataInserter - INFO - PM mode for EQP-017 changed from 0 to 1
2025-08-05 12:54:47,032 - DataInserter - INFO - PM mode for EQP-018 changed from 1 to 0
2025-08-05 12:54:47,032 - DataInserter - INFO - PM mode for EQP-021 changed from 0 to 1
2025-08-05 12:54:47,032 - DataInserter - INFO - PM mode for EQP-023 changed from 1 to 0
2025-08-05 12:54:47,032 - DataInserter - INFO - PM mode for EQP-024 changed from 1 to 0
2025-08-05 12:54:47,032 - DataInserter - INFO - PM mode for EQP-028 changed from 1 to 0
2025-08-05 12:54:47,032 - DataInserter - INFO - PM mode for EQP-030 changed from 0 to 1
2025-08-05 12:54:47,032 - DataInserter - INFO - PM mode for EQP-035 changed from 1 to 0
2025-08-05 12:54:47,032 - DataInserter - INFO - PM mode for EQP-038 changed from 1 to 0
2025-08-05 12:54:47,032 - DataInserter - INFO - PM mode for EQP-049 changed from 0 to 1
2025-08-05 12:54:47,032 - DataInserter - INFO - PM mode for EQP-054 changed from 0 to 1
2025-08-05 12:54:47,032 - DataInserter - INFO - PM mode for EQP-056 changed from 1 to 0
2025-08-05 12:54:47,032 - DataInserter - INFO - PM mode for EQP-057 changed from 1 to 0
2025-08-05 12:54:47,032 - DataInserter - INFO - PM mode for EQP-060 changed from 0 to 1
2025-08-05 12:54:47,032 - DataInserter - INFO - PM mode for EQP-064 changed from 1 to 0
2025-08-05 12:54:47,032 - DataInserter - INFO - PM mode for EQP-065 changed from 1 to 0
2025-08-05 12:54:47,032 - DataInserter - INFO - PM mode for EQP-070 changed from 0 to 1
2025-08-05 12:54:47,032 - DataInserter - INFO - PM mode for EQP-073 changed from 1 to 0
2025-08-05 12:54:47,032 - DataInserter - INFO - PM mode for EQP-076 changed from 1 to 0
2025-08-05 12:54:47,032 - DataInserter - INFO - PM mode for EQP-081 changed from 1 to 0
2025-08-05 12:54:47,032 - DataInserter - INFO - PM mode for EQP-083 changed from 1 to 0
2025-08-05 12:54:47,032 - DataInserter - INFO - PM mode for EQP-084 changed from 1 to 0
2025-08-05 12:54:47,032 - DataInserter - INFO - PM mode for EQP-089 changed from 0 to 1
2025-08-05 12:54:47,060 - DataInserter - INFO - Successfully inserted 100 records.
2025-08-05 12:54:47,060 - DataInserter - INFO - Waiting for 300 seconds for the next cycle.
2025-08-05 12:59:47,066 - DataInserter - INFO - PM mode for EQP-003 changed from 1 to 0
2025-08-05 12:59:47,067 - DataInserter - INFO - PM mode for EQP-004 changed from 1 to 0
2025-08-05 12:59:47,067 - DataInserter - INFO - PM mode for EQP-005 changed from 1 to 0
2025-08-05 12:59:47,067 - DataInserter - INFO - PM mode for EQP-008 changed from 1 to 0
2025-08-05 12:59:47,067 - DataInserter - INFO - PM mode for EQP-010 changed from 1 to 0
2025-08-05 12:59:47,067 - DataInserter - INFO - PM mode for EQP-013 changed from 0 to 1
2025-08-05 12:59:47,068 - DataInserter - INFO - PM mode for EQP-016 changed from 1 to 0
2025-08-05 12:59:47,068 - DataInserter - INFO - PM mode for EQP-020 changed from 1 to 0
2025-08-05 12:59:47,068 - DataInserter - INFO - PM mode for EQP-022 changed from 1 to 0
2025-08-05 12:59:47,068 - DataInserter - INFO - PM mode for EQP-023 changed from 0 to 1
2025-08-05 12:59:47,068 - DataInserter - INFO - PM mode for EQP-026 changed from 0 to 1
2025-08-05 12:59:47,068 - DataInserter - INFO - PM mode for EQP-027 changed from 0 to 1
2025-08-05 12:59:47,068 - DataInserter - INFO - PM mode for EQP-028 changed from 0 to 1
2025-08-05 12:59:47,068 - DataInserter - INFO - PM mode for EQP-029 changed from 1 to 0
2025-08-05 12:59:47,068 - DataInserter - INFO - PM mode for EQP-031 changed from 1 to 0
2025-08-05 12:59:47,069 - DataInserter - INFO - PM mode for EQP-032 changed from 0 to 1
2025-08-05 12:59:47,069 - DataInserter - INFO - PM mode for EQP-034 changed from 1 to 0
2025-08-05 12:59:47,069 - DataInserter - INFO - PM mode for EQP-035 changed from 0 to 1
2025-08-05 12:59:47,069 - DataInserter - INFO - PM mode for EQP-044 changed from 0 to 1
2025-08-05 12:59:47,069 - DataInserter - INFO - PM mode for EQP-049 changed from 1 to 0
2025-08-05 12:59:47,069 - DataInserter - INFO - PM mode for EQP-057 changed from 0 to 1
2025-08-05 12:59:47,069 - DataInserter - INFO - PM mode for EQP-058 changed from 1 to 0
2025-08-05 12:59:47,069 - DataInserter - INFO - PM mode for EQP-062 changed from 1 to 0
2025-08-05 12:59:47,069 - DataInserter - INFO - PM mode for EQP-063 changed from 1 to 0
2025-08-05 12:59:47,070 - DataInserter - INFO - PM mode for EQP-064 changed from 0 to 1
2025-08-05 12:59:47,070 - DataInserter - INFO - PM mode for EQP-065 changed from 0 to 1
2025-08-05 12:59:47,070 - DataInserter - INFO - PM mode for EQP-068 changed from 1 to 0
2025-08-05 12:59:47,070 - DataInserter - INFO - PM mode for EQP-073 changed from 0 to 1
2025-08-05 12:59:47,070 - DataInserter - INFO - PM mode for EQP-076 changed from 0 to 1
2025-08-05 12:59:47,070 - DataInserter - INFO - PM mode for EQP-078 changed from 0 to 1
2025-08-05 12:59:47,070 - DataInserter - INFO - PM mode for EQP-079 changed from 1 to 0
2025-08-05 12:59:47,071 - DataInserter - INFO - PM mode for EQP-083 changed from 0 to 1
2025-08-05 12:59:47,071 - DataInserter - INFO - PM mode for EQP-086 changed from 1 to 0
2025-08-05 12:59:47,071 - DataInserter - INFO - PM mode for EQP-094 changed from 0 to 1
2025-08-05 12:59:47,071 - DataInserter - INFO - PM mode for EQP-100 changed from 0 to 1
2025-08-05 12:59:47,123 - DataInserter - INFO - Successfully inserted 100 records.
2025-08-05 12:59:47,123 - DataInserter - INFO - Waiting for 300 seconds for the next cycle.
2025-08-05 13:02:27,438 - DataInserter - INFO - Process stopped by user.
2025-08-05 13:02:27,441 - DataInserter - INFO - Database connection closed.
2025-08-05 13:03:38,673 - DataInserter - INFO - Data inserter process started.
2025-08-05 13:03:38,821 - DataInserter - INFO - Successfully connected to the database.
2025-08-05 13:03:38,823 - DataInserter - INFO - PM mode for EQP-007 changed from 1 to 0
2025-08-05 13:03:38,823 - DataInserter - INFO - PM mode for EQP-010 changed from 1 to 0
2025-08-05 13:03:38,823 - DataInserter - INFO - PM mode for EQP-013 changed from 1 to 0
2025-08-05 13:03:38,823 - DataInserter - INFO - PM mode for EQP-016 changed from 1 to 0
2025-08-05 13:03:38,823 - DataInserter - INFO - PM mode for EQP-031 changed from 1 to 0
2025-08-05 13:03:38,823 - DataInserter - INFO - PM mode for EQP-033 changed from 1 to 0
2025-08-05 13:03:38,823 - DataInserter - INFO - PM mode for EQP-034 changed from 1 to 0
2025-08-05 13:03:38,823 - DataInserter - INFO - PM mode for EQP-069 changed from 1 to 0
2025-08-05 13:03:38,823 - DataInserter - INFO - PM mode for EQP-073 changed from 1 to 0
2025-08-05 13:03:38,823 - DataInserter - INFO - PM mode for EQP-077 changed from 1 to 0
2025-08-05 13:03:38,824 - DataInserter - INFO - PM mode for EQP-088 changed from 1 to 0
2025-08-05 13:03:38,824 - DataInserter - INFO - PM mode for EQP-089 changed from 1 to 0
2025-08-05 13:03:38,824 - DataInserter - INFO - PM mode for EQP-091 changed from 1 to 0
2025-08-05 13:03:38,846 - DataInserter - INFO - Successfully inserted 100 records.
2025-08-05 13:03:38,846 - DataInserter - INFO - Waiting for 300 seconds for the next cycle.
2025-08-05 13:08:38,851 - DataInserter - INFO - PM mode for EQP-002 changed from 1 to 0
2025-08-05 13:08:38,851 - DataInserter - INFO - PM mode for EQP-003 changed from 1 to 0
2025-08-05 13:08:38,851 - DataInserter - INFO - PM mode for EQP-014 changed from 1 to 0
2025-08-05 13:08:38,851 - DataInserter - INFO - PM mode for EQP-027 changed from 1 to 0
2025-08-05 13:08:38,852 - DataInserter - INFO - PM mode for EQP-034 changed from 0 to 1
2025-08-05 13:08:38,852 - DataInserter - INFO - PM mode for EQP-042 changed from 1 to 0
2025-08-05 13:08:38,852 - DataInserter - INFO - PM mode for EQP-062 changed from 1 to 0
2025-08-05 13:08:38,852 - DataInserter - INFO - PM mode for EQP-063 changed from 1 to 0
2025-08-05 13:08:38,852 - DataInserter - INFO - PM mode for EQP-072 changed from 1 to 0
2025-08-05 13:08:38,852 - DataInserter - INFO - PM mode for EQP-074 changed from 1 to 0
2025-08-05 13:08:38,880 - DataInserter - INFO - Successfully inserted 100 records.
2025-08-05 13:08:38,881 - DataInserter - INFO - Waiting for 300 seconds for the next cycle.
2025-08-05 13:13:38,885 - DataInserter - INFO - PM mode for EQP-019 changed from 1 to 0
2025-08-05 13:13:38,885 - DataInserter - INFO - PM mode for EQP-034 changed from 1 to 0
2025-08-05 13:13:38,885 - DataInserter - INFO - PM mode for EQP-035 changed from 1 to 0
2025-08-05 13:13:38,885 - DataInserter - INFO - PM mode for EQP-061 changed from 1 to 0
2025-08-05 13:13:38,885 - DataInserter - INFO - PM mode for EQP-066 changed from 1 to 0
2025-08-05 13:13:38,885 - DataInserter - INFO - PM mode for EQP-073 changed from 0 to 1
2025-08-05 13:13:38,885 - DataInserter - INFO - PM mode for EQP-075 changed from 1 to 0
2025-08-05 13:13:38,885 - DataInserter - INFO - PM mode for EQP-076 changed from 1 to 0
2025-08-05 13:13:38,886 - DataInserter - INFO - PM mode for EQP-096 changed from 1 to 0
2025-08-05 13:13:38,918 - DataInserter - INFO - Successfully inserted 100 records.
2025-08-05 13:13:38,919 - DataInserter - INFO - Waiting for 300 seconds for the next cycle.
2025-08-05 13:18:38,922 - DataInserter - INFO - PM mode for EQP-024 changed from 1 to 0
2025-08-05 13:18:38,922 - DataInserter - INFO - PM mode for EQP-033 changed from 0 to 1
2025-08-05 13:18:38,922 - DataInserter - INFO - PM mode for EQP-034 changed from 0 to 1
2025-08-05 13:18:38,922 - DataInserter - INFO - PM mode for EQP-038 changed from 1 to 0
2025-08-05 13:18:38,923 - DataInserter - INFO - PM mode for EQP-047 changed from 1 to 0
2025-08-05 13:18:38,923 - DataInserter - INFO - PM mode for EQP-053 changed from 1 to 0
2025-08-05 13:18:38,923 - DataInserter - INFO - PM mode for EQP-061 changed from 0 to 1
2025-08-05 13:18:38,923 - DataInserter - INFO - PM mode for EQP-070 changed from 1 to 0
2025-08-05 13:18:38,923 - DataInserter - INFO - PM mode for EQP-082 changed from 1 to 0
2025-08-05 13:18:38,923 - DataInserter - INFO - PM mode for EQP-094 changed from 1 to 0
2025-08-05 13:18:38,923 - DataInserter - INFO - PM mode for EQP-098 changed from 1 to 0
2025-08-05 13:18:38,980 - DataInserter - INFO - Successfully inserted 100 records.
2025-08-05 13:18:38,981 - DataInserter - INFO - Waiting for 300 seconds for the next cycle.
2025-08-05 13:23:38,988 - DataInserter - INFO - PM mode for EQP-024 changed from 0 to 1
2025-08-05 13:23:38,989 - DataInserter - INFO - PM mode for EQP-037 changed from 1 to 0
2025-08-05 13:23:38,989 - DataInserter - INFO - PM mode for EQP-041 changed from 1 to 0
2025-08-05 13:23:38,989 - DataInserter - INFO - PM mode for EQP-080 changed from 1 to 0
2025-08-05 13:23:38,989 - DataInserter - INFO - PM mode for EQP-091 changed from 0 to 1
2025-08-05 13:23:38,989 - DataInserter - INFO - PM mode for EQP-092 changed from 1 to 0
2025-08-05 13:23:39,021 - DataInserter - INFO - Successfully inserted 100 records.
2025-08-05 13:23:39,021 - DataInserter - INFO - Waiting for 300 seconds for the next cycle.
2025-08-05 13:26:38,013 - DataInserter - INFO - Process stopped by user.
2025-08-05 13:26:38,015 - DataInserter - INFO - Database connection closed.
2025-08-05 13:37:12,346 - DataInserter - INFO - Data inserter process started.
2025-08-05 13:37:12,469 - DataInserter - INFO - Successfully connected to the database.
2025-08-05 13:37:12,471 - DataInserter - INFO - PM mode for EQP-026 changed from 1 to 0
2025-08-05 13:37:12,471 - DataInserter - INFO - PM mode for EQP-052 changed from 1 to 0
2025-08-05 13:37:12,471 - DataInserter - INFO - PM mode for EQP-056 changed from 1 to 0
2025-08-05 13:37:12,472 - DataInserter - INFO - PM mode for EQP-100 changed from 1 to 0
2025-08-05 13:37:12,495 - DataInserter - INFO - Successfully inserted 100 records.
2025-08-05 13:37:12,495 - DataInserter - INFO - Waiting for 300 seconds for the next cycle.
2025-08-05 13:40:23,839 - DataInserter - INFO - Process stopped by user.
2025-08-05 13:40:23,843 - DataInserter - INFO - Database connection closed.
2025-08-05 13:48:04,939 - DataInserter - INFO - Data inserter process started.
2025-08-05 13:48:05,052 - DataInserter - INFO - Successfully connected to the database.
2025-08-05 13:48:05,053 - DataInserter - INFO - PM mode for EQP-007 changed from 1 to 0
2025-08-05 13:48:05,053 - DataInserter - INFO - PM mode for EQP-008 changed from 1 to 0
2025-08-05 13:48:05,054 - DataInserter - INFO - PM mode for EQP-016 changed from 1 to 0
2025-08-05 13:48:05,054 - DataInserter - INFO - PM mode for EQP-018 changed from 1 to 0
2025-08-05 13:48:05,054 - DataInserter - INFO - PM mode for EQP-021 changed from 1 to 0
2025-08-05 13:48:05,054 - DataInserter - INFO - PM mode for EQP-042 changed from 1 to 0
2025-08-05 13:48:05,054 - DataInserter - INFO - PM mode for EQP-059 changed from 1 to 0
2025-08-05 13:48:05,054 - DataInserter - INFO - PM mode for EQP-071 changed from 1 to 0
2025-08-05 13:48:05,054 - DataInserter - INFO - PM mode for EQP-084 changed from 1 to 0
2025-08-05 13:48:05,054 - DataInserter - INFO - PM mode for EQP-092 changed from 1 to 0
2025-08-05 13:48:05,085 - DataInserter - INFO - Successfully inserted 100 records.
2025-08-05 13:48:05,085 - DataInserter - INFO - Waiting for 300 seconds for the next cycle.
2025-08-05 13:53:05,089 - DataInserter - INFO - PM mode for EQP-022 changed from 1 to 0
2025-08-05 13:53:05,089 - DataInserter - INFO - PM mode for EQP-080 changed from 1 to 0
2025-08-05 13:53:05,089 - DataInserter - INFO - PM mode for EQP-085 changed from 1 to 0
2025-08-05 13:53:05,089 - DataInserter - INFO - PM mode for EQP-095 changed from 1 to 0
2025-08-05 13:53:05,089 - DataInserter - INFO - PM mode for EQP-097 changed from 1 to 0
2025-08-05 13:53:05,109 - DataInserter - INFO - Successfully inserted 100 records.
2025-08-05 13:53:05,109 - DataInserter - INFO - Waiting for 300 seconds for the next cycle.
2025-08-05 13:58:05,113 - DataInserter - INFO - PM mode for EQP-002 changed from 1 to 0
2025-08-05 13:58:05,114 - DataInserter - INFO - PM mode for EQP-017 changed from 1 to 0
2025-08-05 13:58:05,114 - DataInserter - INFO - PM mode for EQP-021 changed from 0 to 1
2025-08-05 13:58:05,114 - DataInserter - INFO - PM mode for EQP-047 changed from 1 to 0
2025-08-05 13:58:05,114 - DataInserter - INFO - PM mode for EQP-050 changed from 1 to 0
2025-08-05 13:58:05,114 - DataInserter - INFO - PM mode for EQP-059 changed from 0 to 1
2025-08-05 13:58:05,114 - DataInserter - INFO - PM mode for EQP-067 changed from 1 to 0
2025-08-05 13:58:05,114 - DataInserter - INFO - PM mode for EQP-072 changed from 1 to 0
2025-08-05 13:58:05,114 - DataInserter - INFO - PM mode for EQP-076 changed from 1 to 0
2025-08-05 13:58:05,114 - DataInserter - INFO - PM mode for EQP-077 changed from 1 to 0
2025-08-05 13:58:05,114 - DataInserter - INFO - PM mode for EQP-085 changed from 0 to 1
2025-08-05 13:58:05,114 - DataInserter - INFO - PM mode for EQP-098 changed from 1 to 0
2025-08-05 13:58:05,114 - DataInserter - INFO - PM mode for EQP-100 changed from 1 to 0
2025-08-05 13:58:05,145 - DataInserter - INFO - Successfully inserted 100 records.
2025-08-05 13:58:05,145 - DataInserter - INFO - Waiting for 300 seconds for the next cycle.
2025-08-05 14:03:05,150 - DataInserter - INFO - PM mode for EQP-022 changed from 0 to 1
2025-08-05 14:03:05,150 - DataInserter - INFO - PM mode for EQP-026 changed from 1 to 0
2025-08-05 14:03:05,150 - DataInserter - INFO - PM mode for EQP-027 changed from 1 to 0
2025-08-05 14:03:05,150 - DataInserter - INFO - PM mode for EQP-038 changed from 1 to 0
2025-08-05 14:03:05,150 - DataInserter - INFO - PM mode for EQP-040 changed from 1 to 0
2025-08-05 14:03:05,150 - DataInserter - INFO - PM mode for EQP-057 changed from 1 to 0
2025-08-05 14:03:05,150 - DataInserter - INFO - PM mode for EQP-061 changed from 1 to 0
2025-08-05 14:03:05,150 - DataInserter - INFO - PM mode for EQP-076 changed from 0 to 1
2025-08-05 14:03:05,151 - DataInserter - INFO - PM mode for EQP-078 changed from 1 to 0
2025-08-05 14:03:05,151 - DataInserter - INFO - PM mode for EQP-092 changed from 0 to 1
2025-08-05 14:03:05,151 - DataInserter - INFO - PM mode for EQP-100 changed from 0 to 1
2025-08-05 14:03:05,183 - DataInserter - INFO - Successfully inserted 100 records.
2025-08-05 14:03:05,183 - DataInserter - INFO - Waiting for 300 seconds for the next cycle.
2025-08-05 14:08:05,188 - DataInserter - INFO - PM mode for EQP-004 changed from 1 to 0
2025-08-05 14:08:05,188 - DataInserter - INFO - PM mode for EQP-025 changed from 1 to 0
2025-08-05 14:08:05,188 - DataInserter - INFO - PM mode for EQP-034 changed from 1 to 0
2025-08-05 14:08:05,188 - DataInserter - INFO - PM mode for EQP-038 changed from 0 to 1
2025-08-05 14:08:05,188 - DataInserter - INFO - PM mode for EQP-039 changed from 1 to 0
2025-08-05 14:08:05,188 - DataInserter - INFO - PM mode for EQP-042 changed from 0 to 1
2025-08-05 14:08:05,188 - DataInserter - INFO - PM mode for EQP-046 changed from 1 to 0
2025-08-05 14:08:05,188 - DataInserter - INFO - PM mode for EQP-048 changed from 1 to 0
2025-08-05 14:08:05,188 - DataInserter - INFO - PM mode for EQP-049 changed from 1 to 0
2025-08-05 14:08:05,188 - DataInserter - INFO - PM mode for EQP-052 changed from 1 to 0
2025-08-05 14:08:05,188 - DataInserter - INFO - PM mode for EQP-056 changed from 1 to 0
2025-08-05 14:08:05,188 - DataInserter - INFO - PM mode for EQP-071 changed from 0 to 1
2025-08-05 14:08:05,188 - DataInserter - INFO - PM mode for EQP-074 changed from 1 to 0
2025-08-05 14:08:05,188 - DataInserter - INFO - PM mode for EQP-089 changed from 1 to 0
2025-08-05 14:08:05,210 - DataInserter - INFO - Successfully inserted 100 records.
2025-08-05 14:08:05,211 - DataInserter - INFO - Waiting for 300 seconds for the next cycle.
2025-08-05 14:13:05,215 - DataInserter - INFO - PM mode for EQP-002 changed from 0 to 1
2025-08-05 14:13:05,215 - DataInserter - INFO - PM mode for EQP-034 changed from 0 to 1
2025-08-05 14:13:05,215 - DataInserter - INFO - PM mode for EQP-040 changed from 0 to 1
2025-08-05 14:13:05,215 - DataInserter - INFO - PM mode for EQP-052 changed from 0 to 1
2025-08-05 14:13:05,215 - DataInserter - INFO - PM mode for EQP-058 changed from 1 to 0
2025-08-05 14:13:05,216 - DataInserter - INFO - PM mode for EQP-059 changed from 1 to 0
2025-08-05 14:13:05,216 - DataInserter - INFO - PM mode for EQP-062 changed from 1 to 0
2025-08-05 14:13:05,216 - DataInserter - INFO - PM mode for EQP-076 changed from 1 to 0
2025-08-05 14:13:05,216 - DataInserter - INFO - PM mode for EQP-084 changed from 0 to 1
2025-08-05 14:13:05,217 - DataInserter - INFO - PM mode for EQP-094 changed from 1 to 0
2025-08-05 14:13:05,217 - DataInserter - INFO - PM mode for EQP-100 changed from 1 to 0
2025-08-05 14:13:05,248 - DataInserter - INFO - Successfully inserted 100 records.
2025-08-05 14:13:05,248 - DataInserter - INFO - Waiting for 300 seconds for the next cycle.
2025-08-05 14:18:05,252 - DataInserter - INFO - PM mode for EQP-010 changed from 1 to 0
2025-08-05 14:18:05,252 - DataInserter - INFO - PM mode for EQP-012 changed from 1 to 0
2025-08-05 14:18:05,252 - DataInserter - INFO - PM mode for EQP-030 changed from 1 to 0
2025-08-05 14:18:05,252 - DataInserter - INFO - PM mode for EQP-031 changed from 1 to 0
2025-08-05 14:18:05,252 - DataInserter - INFO - PM mode for EQP-033 changed from 1 to 0
2025-08-05 14:18:05,252 - DataInserter - INFO - PM mode for EQP-035 changed from 1 to 0
2025-08-05 14:18:05,252 - DataInserter - INFO - PM mode for EQP-063 changed from 1 to 0
2025-08-05 14:18:05,252 - DataInserter - INFO - PM mode for EQP-072 changed from 0 to 1
2025-08-05 14:18:05,253 - DataInserter - INFO - PM mode for EQP-073 changed from 1 to 0
2025-08-05 14:18:05,253 - DataInserter - INFO - PM mode for EQP-074 changed from 0 to 1
2025-08-05 14:18:05,253 - DataInserter - INFO - PM mode for EQP-077 changed from 0 to 1
2025-08-05 14:18:05,253 - DataInserter - INFO - PM mode for EQP-084 changed from 1 to 0
2025-08-05 14:18:05,253 - DataInserter - INFO - PM mode for EQP-088 changed from 1 to 0
2025-08-05 14:18:05,253 - DataInserter - INFO - PM mode for EQP-090 changed from 1 to 0
2025-08-05 14:18:05,253 - DataInserter - INFO - PM mode for EQP-093 changed from 1 to 0
2025-08-05 14:18:05,279 - DataInserter - INFO - Successfully inserted 100 records.
2025-08-05 14:18:05,280 - DataInserter - INFO - Waiting for 300 seconds for the next cycle.
2025-08-05 14:21:49,571 - DataInserter - INFO - Process stopped by user.
2025-08-05 14:21:49,573 - DataInserter - INFO - Database connection closed.
2025-08-05 14:22:03,686 - DataInserter - INFO - Data inserter process started.
2025-08-05 14:22:03,823 - DataInserter - INFO - Successfully connected to the database.
2025-08-05 14:22:03,823 - DataInserter - INFO - Syncing initial PM mode states from database...
2025-08-05 14:22:03,826 - DataInserter - INFO - Successfully synced PM modes for 97 equipments.
2025-08-05 14:22:03,829 - DataInserter - INFO - PM mode for EQP-003 changed from 0 to 1
2025-08-05 14:22:03,829 - DataInserter - INFO - PM mode for EQP-004 changed from 0 to 1
2025-08-05 14:22:03,829 - DataInserter - INFO - PM mode for EQP-020 changed from 0 to 1
2025-08-05 14:22:03,829 - DataInserter - INFO - PM mode for EQP-027 changed from 0 to 1
2025-08-05 14:22:03,829 - DataInserter - INFO - PM mode for EQP-058 changed from 0 to 1
2025-08-05 14:22:03,830 - DataInserter - INFO - PM mode for EQP-060 changed from 1 to 0
2025-08-05 14:22:03,830 - DataInserter - INFO - PM mode for EQP-062 changed from 0 to 1
2025-08-05 14:22:03,830 - DataInserter - INFO - PM mode for EQP-066 changed from 0 to 1
2025-08-05 14:22:03,830 - DataInserter - INFO - PM mode for EQP-072 changed from 1 to 0
2025-08-05 14:22:03,830 - DataInserter - INFO - PM mode for EQP-090 changed from 0 to 1
2025-08-05 14:22:03,866 - DataInserter - INFO - Successfully inserted 100 records.
2025-08-05 14:22:03,866 - DataInserter - INFO - Waiting for 300 seconds for the next cycle.
2025-08-05 14:27:03,869 - DataInserter - INFO - PM mode for EQP-012 changed from 0 to 1
2025-08-05 14:27:03,870 - DataInserter - INFO - PM mode for EQP-035 changed from 0 to 1
2025-08-05 14:27:03,870 - DataInserter - INFO - PM mode for EQP-040 changed from 1 to 0
2025-08-05 14:27:03,870 - DataInserter - INFO - PM mode for EQP-059 changed from 0 to 1
2025-08-05 14:27:03,870 - DataInserter - INFO - PM mode for EQP-080 changed from 0 to 1
2025-08-05 14:27:03,911 - DataInserter - INFO - Successfully inserted 100 records.
2025-08-05 14:27:03,911 - DataInserter - INFO - Waiting for 300 seconds for the next cycle.
2025-08-05 14:32:03,918 - DataInserter - INFO - PM mode for EQP-008 changed from 0 to 1
2025-08-05 14:32:03,919 - DataInserter - INFO - PM mode for EQP-010 changed from 0 to 1
2025-08-05 14:32:03,919 - DataInserter - INFO - PM mode for EQP-024 changed from 1 to 0
2025-08-05 14:32:03,919 - DataInserter - INFO - PM mode for EQP-032 changed from 1 to 0
2025-08-05 14:32:03,919 - DataInserter - INFO - PM mode for EQP-045 changed from 0 to 1
2025-08-05 14:32:03,919 - DataInserter - INFO - PM mode for EQP-047 changed from 0 to 1
2025-08-05 14:32:03,920 - DataInserter - INFO - PM mode for EQP-053 changed from 0 to 1
2025-08-05 14:32:03,920 - DataInserter - INFO - PM mode for EQP-058 changed from 1 to 0
2025-08-05 14:32:03,920 - DataInserter - INFO - PM mode for EQP-085 changed from 1 to 0
2025-08-05 14:32:03,970 - DataInserter - INFO - Successfully inserted 100 records.
2025-08-05 14:32:03,971 - DataInserter - INFO - Waiting for 300 seconds for the next cycle.
2025-08-05 14:37:03,978 - DataInserter - INFO - PM mode for EQP-054 changed from 1 to 0
2025-08-05 14:37:03,978 - DataInserter - INFO - PM mode for EQP-072 changed from 0 to 1
2025-08-05 14:37:03,978 - DataInserter - INFO - PM mode for EQP-076 changed from 0 to 1
2025-08-05 14:37:04,034 - DataInserter - INFO - Successfully inserted 100 records.
2025-08-05 14:37:04,035 - DataInserter - INFO - Waiting for 300 seconds for the next cycle.
